
*** Running vivado
    with args -log system.vdi -applog -m64 -product Vivado -messageDb vivado.pb -mode batch -source system.tcl -notrace



****** Vivado v2024.1 (64-bit)
  **** SW Build 5076996 on Wed May 22 18:37:14 MDT 2024
  **** IP Build 5075265 on Wed May 22 21:45:21 MDT 2024
  **** SharedData Build 5076995 on Wed May 22 18:29:18 MDT 2024
  **** Start of session at: Mon Oct  7 22:26:19 2024
    ** Copyright 1986-2022 Xilinx, Inc. All Rights Reserved.
    ** Copyright 2022-2024 Advanced Micro Devices, Inc. All Rights Reserved.

source system.tcl -notrace
create_project: Time (s): cpu = 00:00:02 ; elapsed = 00:00:07 . Memory (MB): peak = 595.102 ; gain = 239.949
Command: link_design -top system -part xc7a35tcpg236-1
Design is defaulting to srcset: sources_1
Design is defaulting to constrset: constrs_1
INFO: [Device 21-403] Loading part xc7a35tcpg236-1
INFO: [Device 21-9227] Part: xc7a35tcpg236-1 does not have CEAM library.
Netlist sorting complete. Time (s): cpu = 00:00:00 ; elapsed = 00:00:00 . Memory (MB): peak = 996.559 ; gain = 0.000
INFO: [Project 1-479] Netlist was created with Vivado 2024.1
INFO: [Project 1-570] Preparing netlist for logic optimization
Parsing XDC File [C:/Users/Chanatpakorn/Downloads/Basys3_Master.xdc]
WARNING: [Vivado 12-584] No ports matched 'sw[8]'. [C:/Users/Chanatpakorn/Downloads/Basys3_Master.xdc:28]
CRITICAL WARNING: [Common 17-55] 'set_property' expects at least one object. [C:/Users/Chanatpakorn/Downloads/Basys3_Master.xdc:28]
Resolution: If [get_<value>] was used to populate the object, check to make sure this command returns at least one valid object.
WARNING: [Vivado 12-584] No ports matched 'sw[8]'. [C:/Users/Chanatpakorn/Downloads/Basys3_Master.xdc:29]
CRITICAL WARNING: [Common 17-55] 'set_property' expects at least one object. [C:/Users/Chanatpakorn/Downloads/Basys3_Master.xdc:29]
Resolution: If [get_<value>] was used to populate the object, check to make sure this command returns at least one valid object.
WARNING: [Vivado 12-584] No ports matched 'sw[9]'. [C:/Users/Chanatpakorn/Downloads/Basys3_Master.xdc:30]
CRITICAL WARNING: [Common 17-55] 'set_property' expects at least one object. [C:/Users/Chanatpakorn/Downloads/Basys3_Master.xdc:30]
Resolution: If [get_<value>] was used to populate the object, check to make sure this command returns at least one valid object.
WARNING: [Vivado 12-584] No ports matched 'sw[9]'. [C:/Users/Chanatpakorn/Downloads/Basys3_Master.xdc:31]
CRITICAL WARNING: [Common 17-55] 'set_property' expects at least one object. [C:/Users/Chanatpakorn/Downloads/Basys3_Master.xdc:31]
Resolution: If [get_<value>] was used to populate the object, check to make sure this command returns at least one valid object.
WARNING: [Vivado 12-584] No ports matched 'sw[10]'. [C:/Users/Chanatpakorn/Downloads/Basys3_Master.xdc:32]
CRITICAL WARNING: [Common 17-55] 'set_property' expects at least one object. [C:/Users/Chanatpakorn/Downloads/Basys3_Master.xdc:32]
Resolution: If [get_<value>] was used to populate the object, check to make sure this command returns at least one valid object.
WARNING: [Vivado 12-584] No ports matched 'sw[10]'. [C:/Users/Chanatpakorn/Downloads/Basys3_Master.xdc:33]
CRITICAL WARNING: [Common 17-55] 'set_property' expects at least one object. [C:/Users/Chanatpakorn/Downloads/Basys3_Master.xdc:33]
Resolution: If [get_<value>] was used to populate the object, check to make sure this command returns at least one valid object.
WARNING: [Vivado 12-584] No ports matched 'sw[11]'. [C:/Users/Chanatpakorn/Downloads/Basys3_Master.xdc:34]
CRITICAL WARNING: [Common 17-55] 'set_property' expects at least one object. [C:/Users/Chanatpakorn/Downloads/Basys3_Master.xdc:34]
Resolution: If [get_<value>] was used to populate the object, check to make sure this command returns at least one valid object.
WARNING: [Vivado 12-584] No ports matched 'sw[11]'. [C:/Users/Chanatpakorn/Downloads/Basys3_Master.xdc:35]
CRITICAL WARNING: [Common 17-55] 'set_property' expects at least one object. [C:/Users/Chanatpakorn/Downloads/Basys3_Master.xdc:35]
Resolution: If [get_<value>] was used to populate the object, check to make sure this command returns at least one valid object.
WARNING: [Vivado 12-584] No ports matched 'sw[12]'. [C:/Users/Chanatpakorn/Downloads/Basys3_Master.xdc:36]
CRITICAL WARNING: [Common 17-55] 'set_property' expects at least one object. [C:/Users/Chanatpakorn/Downloads/Basys3_Master.xdc:36]
Resolution: If [get_<value>] was used to populate the object, check to make sure this command returns at least one valid object.
WARNING: [Vivado 12-584] No ports matched 'sw[12]'. [C:/Users/Chanatpakorn/Downloads/Basys3_Master.xdc:37]
CRITICAL WARNING: [Common 17-55] 'set_property' expects at least one object. [C:/Users/Chanatpakorn/Downloads/Basys3_Master.xdc:37]
Resolution: If [get_<value>] was used to populate the object, check to make sure this command returns at least one valid object.
WARNING: [Vivado 12-584] No ports matched 'sw[13]'. [C:/Users/Chanatpakorn/Downloads/Basys3_Master.xdc:38]
CRITICAL WARNING: [Common 17-55] 'set_property' expects at least one object. [C:/Users/Chanatpakorn/Downloads/Basys3_Master.xdc:38]
Resolution: If [get_<value>] was used to populate the object, check to make sure this command returns at least one valid object.
WARNING: [Vivado 12-584] No ports matched 'sw[13]'. [C:/Users/Chanatpakorn/Downloads/Basys3_Master.xdc:39]
CRITICAL WARNING: [Common 17-55] 'set_property' expects at least one object. [C:/Users/Chanatpakorn/Downloads/Basys3_Master.xdc:39]
Resolution: If [get_<value>] was used to populate the object, check to make sure this command returns at least one valid object.
WARNING: [Vivado 12-584] No ports matched 'sw[14]'. [C:/Users/Chanatpakorn/Downloads/Basys3_Master.xdc:40]
CRITICAL WARNING: [Common 17-55] 'set_property' expects at least one object. [C:/Users/Chanatpakorn/Downloads/Basys3_Master.xdc:40]
Resolution: If [get_<value>] was used to populate the object, check to make sure this command returns at least one valid object.
WARNING: [Vivado 12-584] No ports matched 'sw[14]'. [C:/Users/Chanatpakorn/Downloads/Basys3_Master.xdc:41]
CRITICAL WARNING: [Common 17-55] 'set_property' expects at least one object. [C:/Users/Chanatpakorn/Downloads/Basys3_Master.xdc:41]
Resolution: If [get_<value>] was used to populate the object, check to make sure this command returns at least one valid object.
WARNING: [Vivado 12-584] No ports matched 'sw[15]'. [C:/Users/Chanatpakorn/Downloads/Basys3_Master.xdc:42]
CRITICAL WARNING: [Common 17-55] 'set_property' expects at least one object. [C:/Users/Chanatpakorn/Downloads/Basys3_Master.xdc:42]
Resolution: If [get_<value>] was used to populate the object, check to make sure this command returns at least one valid object.
WARNING: [Vivado 12-584] No ports matched 'sw[15]'. [C:/Users/Chanatpakorn/Downloads/Basys3_Master.xdc:43]
CRITICAL WARNING: [Common 17-55] 'set_property' expects at least one object. [C:/Users/Chanatpakorn/Downloads/Basys3_Master.xdc:43]
Resolution: If [get_<value>] was used to populate the object, check to make sure this command returns at least one valid object.
WARNING: [Vivado 12-584] No ports matched 'btnL'. [C:/Users/Chanatpakorn/Downloads/Basys3_Master.xdc:115]
CRITICAL WARNING: [Common 17-55] 'set_property' expects at least one object. [C:/Users/Chanatpakorn/Downloads/Basys3_Master.xdc:115]
Resolution: If [get_<value>] was used to populate the object, check to make sure this command returns at least one valid object.
WARNING: [Vivado 12-584] No ports matched 'btnL'. [C:/Users/Chanatpakorn/Downloads/Basys3_Master.xdc:116]
CRITICAL WARNING: [Common 17-55] 'set_property' expects at least one object. [C:/Users/Chanatpakorn/Downloads/Basys3_Master.xdc:116]
Resolution: If [get_<value>] was used to populate the object, check to make sure this command returns at least one valid object.
WARNING: [Vivado 12-584] No ports matched 'btnR'. [C:/Users/Chanatpakorn/Downloads/Basys3_Master.xdc:117]
CRITICAL WARNING: [Common 17-55] 'set_property' expects at least one object. [C:/Users/Chanatpakorn/Downloads/Basys3_Master.xdc:117]
Resolution: If [get_<value>] was used to populate the object, check to make sure this command returns at least one valid object.
WARNING: [Vivado 12-584] No ports matched 'btnR'. [C:/Users/Chanatpakorn/Downloads/Basys3_Master.xdc:118]
CRITICAL WARNING: [Common 17-55] 'set_property' expects at least one object. [C:/Users/Chanatpakorn/Downloads/Basys3_Master.xdc:118]
Resolution: If [get_<value>] was used to populate the object, check to make sure this command returns at least one valid object.
Finished Parsing XDC File [C:/Users/Chanatpakorn/Downloads/Basys3_Master.xdc]
INFO: [Opt 31-138] Pushed 0 inverter(s) to 0 load pin(s).
Netlist sorting complete. Time (s): cpu = 00:00:00 ; elapsed = 00:00:00 . Memory (MB): peak = 1125.906 ; gain = 0.000
INFO: [Project 1-111] Unisim Transformation Summary:
No Unisim elements were transformed.

6 Infos, 20 Warnings, 20 Critical Warnings and 0 Errors encountered.
link_design completed successfully
Command: opt_design
Attempting to get a license for feature 'Implementation' and/or device 'xc7a35t'
INFO: [Common 17-349] Got license for feature 'Implementation' and/or device 'xc7a35t'
Running DRC as a precondition to command opt_design

Starting DRC Task
INFO: [DRC 23-27] Running DRC with 2 threads
INFO: [Project 1-461] DRC finished with 0 Errors
INFO: [Project 1-462] Please refer to the DRC report (report_drc) for more information.

Time (s): cpu = 00:00:01 ; elapsed = 00:00:00.502 . Memory (MB): peak = 1154.227 ; gain = 24.316

Starting Cache Timing Information Task
INFO: [Timing 38-35] Done setting XDC timing constraints.
Ending Cache Timing Information Task | Checksum: 1aea97a66

Time (s): cpu = 00:00:01 ; elapsed = 00:00:04 . Memory (MB): peak = 1695.344 ; gain = 541.117

Starting Logic Optimization Task

Phase 1 Initialization

Phase 1.1 Core Generation And Design Setup
Phase 1.1 Core Generation And Design Setup | Checksum: 1aea97a66

Time (s): cpu = 00:00:00 ; elapsed = 00:00:00.008 . Memory (MB): peak = 2072.684 ; gain = 0.000

Phase 1.2 Setup Constraints And Sort Netlist
Phase 1.2 Setup Constraints And Sort Netlist | Checksum: 1aea97a66

Time (s): cpu = 00:00:00 ; elapsed = 00:00:00.011 . Memory (MB): peak = 2072.684 ; gain = 0.000
Phase 1 Initialization | Checksum: 1aea97a66

Time (s): cpu = 00:00:00 ; elapsed = 00:00:00.013 . Memory (MB): peak = 2072.684 ; gain = 0.000

Phase 2 Timer Update And Timing Data Collection

Phase 2.1 Timer Update
Phase 2.1 Timer Update | Checksum: 1aea97a66

Time (s): cpu = 00:00:00 ; elapsed = 00:00:00.019 . Memory (MB): peak = 2072.684 ; gain = 0.000

Phase 2.2 Timing Data Collection
Phase 2.2 Timing Data Collection | Checksum: 1aea97a66

Time (s): cpu = 00:00:00 ; elapsed = 00:00:00.025 . Memory (MB): peak = 2072.684 ; gain = 0.000
Phase 2 Timer Update And Timing Data Collection | Checksum: 1aea97a66

Time (s): cpu = 00:00:00 ; elapsed = 00:00:00.026 . Memory (MB): peak = 2072.684 ; gain = 0.000

Phase 3 Retarget
INFO: [Opt 31-1834] Total Chains To Be Transformed Were: 0 AND Number of Transformed insts Created are: 0
INFO: [Opt 31-138] Pushed 0 inverter(s) to 0 load pin(s).
INFO: [Opt 31-49] Retargeted 0 cell(s).
Phase 3 Retarget | Checksum: 1aea97a66

Time (s): cpu = 00:00:00 ; elapsed = 00:00:00.037 . Memory (MB): peak = 2072.684 ; gain = 0.000
Retarget | Checksum: 1aea97a66
INFO: [Opt 31-389] Phase Retarget created 0 cells and removed 0 cells

Phase 4 Constant propagation
INFO: [Opt 31-138] Pushed 0 inverter(s) to 0 load pin(s).
Phase 4 Constant propagation | Checksum: 1aea97a66

Time (s): cpu = 00:00:00 ; elapsed = 00:00:00.042 . Memory (MB): peak = 2072.684 ; gain = 0.000
Constant propagation | Checksum: 1aea97a66
INFO: [Opt 31-389] Phase Constant propagation created 0 cells and removed 0 cells

Phase 5 Sweep
Phase 5 Sweep | Checksum: 1aea97a66

Time (s): cpu = 00:00:00 ; elapsed = 00:00:00.048 . Memory (MB): peak = 2072.684 ; gain = 0.000
Sweep | Checksum: 1aea97a66
INFO: [Opt 31-389] Phase Sweep created 0 cells and removed 0 cells

Phase 6 BUFG optimization
Phase 6 BUFG optimization | Checksum: 1aea97a66

Time (s): cpu = 00:00:00 ; elapsed = 00:00:00.071 . Memory (MB): peak = 2072.684 ; gain = 0.000
BUFG optimization | Checksum: 1aea97a66
INFO: [Opt 31-662] Phase BUFG optimization created 0 cells of which 0 are BUFGs and removed 0 cells.

Phase 7 Shift Register Optimization
INFO: [Opt 31-1064] SRL Remap converted 0 SRLs to 0 registers and converted 0 registers of register chains to 0 SRLs
Phase 7 Shift Register Optimization | Checksum: 1aea97a66

Time (s): cpu = 00:00:00 ; elapsed = 00:00:00.076 . Memory (MB): peak = 2072.684 ; gain = 0.000
Shift Register Optimization | Checksum: 1aea97a66
INFO: [Opt 31-389] Phase Shift Register Optimization created 0 cells and removed 0 cells

Phase 8 Post Processing Netlist
Phase 8 Post Processing Netlist | Checksum: 1aea97a66

Time (s): cpu = 00:00:00 ; elapsed = 00:00:00.080 . Memory (MB): peak = 2072.684 ; gain = 0.000
Post Processing Netlist | Checksum: 1aea97a66
INFO: [Opt 31-389] Phase Post Processing Netlist created 0 cells and removed 0 cells

Phase 9 Finalization

Phase 9.1 Finalizing Design Cores and Updating Shapes
Phase 9.1 Finalizing Design Cores and Updating Shapes | Checksum: 1aea97a66

Time (s): cpu = 00:00:00 ; elapsed = 00:00:00.085 . Memory (MB): peak = 2072.684 ; gain = 0.000

Phase 9.2 Verifying Netlist Connectivity

Starting Connectivity Check Task

Time (s): cpu = 00:00:00 ; elapsed = 00:00:00 . Memory (MB): peak = 2072.684 ; gain = 0.000
Phase 9.2 Verifying Netlist Connectivity | Checksum: 1aea97a66

Time (s): cpu = 00:00:00 ; elapsed = 00:00:00.088 . Memory (MB): peak = 2072.684 ; gain = 0.000
Phase 9 Finalization | Checksum: 1aea97a66

Time (s): cpu = 00:00:00 ; elapsed = 00:00:00.089 . Memory (MB): peak = 2072.684 ; gain = 0.000
Opt_design Change Summary
=========================


-------------------------------------------------------------------------------------------------------------------------
|  Phase                        |  #Cells created  |  #Cells Removed  |  #Constrained objects preventing optimizations  |
-------------------------------------------------------------------------------------------------------------------------
|  Retarget                     |               0  |               0  |                                              0  |
|  Constant propagation         |               0  |               0  |                                              0  |
|  Sweep                        |               0  |               0  |                                              0  |
|  BUFG optimization            |               0  |               0  |                                              0  |
|  Shift Register Optimization  |               0  |               0  |                                              0  |
|  Post Processing Netlist      |               0  |               0  |                                              0  |
-------------------------------------------------------------------------------------------------------------------------


Ending Logic Optimization Task | Checksum: 1aea97a66

Time (s): cpu = 00:00:00 ; elapsed = 00:00:00.094 . Memory (MB): peak = 2072.684 ; gain = 0.000

Starting Power Optimization Task
INFO: [Pwropt 34-132] Skipping clock gating for clocks with a period < 2.00 ns.
Ending Power Optimization Task | Checksum: 1aea97a66

Time (s): cpu = 00:00:00 ; elapsed = 00:00:00.013 . Memory (MB): peak = 2072.684 ; gain = 0.000

Starting Final Cleanup Task
Ending Final Cleanup Task | Checksum: 1aea97a66

Time (s): cpu = 00:00:00 ; elapsed = 00:00:00.001 . Memory (MB): peak = 2072.684 ; gain = 0.000

Starting Netlist Obfuscation Task
Netlist sorting complete. Time (s): cpu = 00:00:00 ; elapsed = 00:00:00 . Memory (MB): peak = 2072.684 ; gain = 0.000
Ending Netlist Obfuscation Task | Checksum: 1aea97a66

Time (s): cpu = 00:00:00 ; elapsed = 00:00:00.002 . Memory (MB): peak = 2072.684 ; gain = 0.000
INFO: [Common 17-83] Releasing license: Implementation
24 Infos, 20 Warnings, 20 Critical Warnings and 0 Errors encountered.
opt_design completed successfully
opt_design: Time (s): cpu = 00:00:02 ; elapsed = 00:00:07 . Memory (MB): peak = 2072.684 ; gain = 942.773
INFO: [Vivado 12-24828] Executing command : report_drc -file system_drc_opted.rpt -pb system_drc_opted.pb -rpx system_drc_opted.rpx
Command: report_drc -file system_drc_opted.rpt -pb system_drc_opted.pb -rpx system_drc_opted.rpx
INFO: [IP_Flow 19-234] Refreshing IP repositories
INFO: [IP_Flow 19-1704] No user IP repositories specified
INFO: [IP_Flow 19-2313] Loaded Vivado IP repository 'D:/Vivado/2024.1/data/ip'.
INFO: [DRC 23-27] Running DRC with 2 threads
INFO: [Vivado_Tcl 2-168] The results of DRC are in file Z:/home/csap/Chula-CP-Courses/CU_HWlab/Lab_0402/Lab_0402.runs/impl_1/system_drc_opted.rpt.
report_drc completed successfully
Write ShapeDB Complete: Time (s): cpu = 00:00:00 ; elapsed = 00:00:00.002 . Memory (MB): peak = 2072.684 ; gain = 0.000
INFO: [Timing 38-480] Writing timing data to binary archive.
Wrote PlaceDB: Time (s): cpu = 00:00:00 ; elapsed = 00:00:00.007 . Memory (MB): peak = 2072.684 ; gain = 0.000
Wrote PulsedLatchDB: Time (s): cpu = 00:00:00 ; elapsed = 00:00:00 . Memory (MB): peak = 2072.684 ; gain = 0.000
Writing XDEF routing.
Writing XDEF routing logical nets.
Writing XDEF routing special nets.
Wrote RouteStorage: Time (s): cpu = 00:00:00 ; elapsed = 00:00:00.041 . Memory (MB): peak = 2072.684 ; gain = 0.000
Wrote Netlist Cache: Time (s): cpu = 00:00:00 ; elapsed = 00:00:00 . Memory (MB): peak = 2072.684 ; gain = 0.000
Wrote Device Cache: Time (s): cpu = 00:00:00 ; elapsed = 00:00:00.017 . Memory (MB): peak = 2072.684 ; gain = 0.000
Write Physdb Complete: Time (s): cpu = 00:00:00 ; elapsed = 00:00:00.086 . Memory (MB): peak = 2072.684 ; gain = 0.000
INFO: [Common 17-1381] The checkpoint 'Z:/home/csap/Chula-CP-Courses/CU_HWlab/Lab_0402/Lab_0402.runs/impl_1/system_opt.dcp' has been generated.
Command: place_design
Attempting to get a license for feature 'Implementation' and/or device 'xc7a35t'
INFO: [Common 17-349] Got license for feature 'Implementation' and/or device 'xc7a35t'
INFO: [Common 17-83] Releasing license: Implementation
INFO: [DRC 23-27] Running DRC with 2 threads
INFO: [Vivado_Tcl 4-198] DRC finished with 0 Errors
INFO: [Vivado_Tcl 4-199] Please refer to the DRC report (report_drc) for more information.
Running DRC as a precondition to command place_design
INFO: [DRC 23-27] Running DRC with 2 threads
INFO: [Vivado_Tcl 4-198] DRC finished with 0 Errors
INFO: [Vivado_Tcl 4-199] Please refer to the DRC report (report_drc) for more information.
INFO: [Place 30-611] Multithreading enabled for place_design using a maximum of 2 CPUs

Starting Placer Task

Phase 1 Placer Initialization

Phase 1.1 Placer Initialization Netlist Sorting
Netlist sorting complete. Time (s): cpu = 00:00:00 ; elapsed = 00:00:00.001 . Memory (MB): peak = 2072.684 ; gain = 0.000
Phase 1.1 Placer Initialization Netlist Sorting | Checksum: 16616aa94

Time (s): cpu = 00:00:00 ; elapsed = 00:00:00.009 . Memory (MB): peak = 2072.684 ; gain = 0.000
Netlist sorting complete. Time (s): cpu = 00:00:00 ; elapsed = 00:00:00 . Memory (MB): peak = 2072.684 ; gain = 0.000

Phase 1.2 IO Placement/ Clock Placement/ Build Placer Device
INFO: [Timing 38-35] Done setting XDC timing constraints.
Phase 1.2 IO Placement/ Clock Placement/ Build Placer Device | Checksum: 1e0178e2d

Time (s): cpu = 00:00:00 ; elapsed = 00:00:00.155 . Memory (MB): peak = 2072.684 ; gain = 0.000

Phase 1.3 Build Placer Netlist Model
Phase 1.3 Build Placer Netlist Model | Checksum: 21a37689a

Time (s): cpu = 00:00:00 ; elapsed = 00:00:00.239 . Memory (MB): peak = 2072.684 ; gain = 0.000

Phase 1.4 Constrain Clocks/Macros
Phase 1.4 Constrain Clocks/Macros | Checksum: 21a37689a

Time (s): cpu = 00:00:00 ; elapsed = 00:00:00.243 . Memory (MB): peak = 2072.684 ; gain = 0.000
Phase 1 Placer Initialization | Checksum: 21a37689a

Time (s): cpu = 00:00:00 ; elapsed = 00:00:00.250 . Memory (MB): peak = 2072.684 ; gain = 0.000

Phase 2 Global Placement

Phase 2.1 Floorplanning
Phase 2.1 Floorplanning | Checksum: 28d29dd48

Time (s): cpu = 00:00:00 ; elapsed = 00:00:00.294 . Memory (MB): peak = 2072.684 ; gain = 0.000

Phase 2.2 Update Timing before SLR Path Opt
Phase 2.2 Update Timing before SLR Path Opt | Checksum: 2211d82db

Time (s): cpu = 00:00:00 ; elapsed = 00:00:00.321 . Memory (MB): peak = 2072.684 ; gain = 0.000

Phase 2.3 Post-Processing in Floorplanning
Phase 2.3 Post-Processing in Floorplanning | Checksum: 2211d82db

Time (s): cpu = 00:00:00 ; elapsed = 00:00:00.325 . Memory (MB): peak = 2072.684 ; gain = 0.000

Phase 2.4 Global Placement Core

Phase 2.4.1 UpdateTiming Before Physical Synthesis
Phase 2.4.1 UpdateTiming Before Physical Synthesis | Checksum: 2372d99c8

Time (s): cpu = 00:00:00 ; elapsed = 00:00:00.531 . Memory (MB): peak = 2072.684 ; gain = 0.000

Phase 2.4.2 Physical Synthesis In Placer
INFO: [Physopt 32-1044] Break lutnm for timing: one critical 0, two critical 0, total 0, new lutff created 0
INFO: [Physopt 32-1138] End 1 Pass. Optimized 0 net or LUT. Breaked 0 LUT, combined 0 existing LUT and moved 0 existing LUT
INFO: [Physopt 32-65] No nets found for high-fanout optimization.
INFO: [Physopt 32-232] Optimized 0 net. Created 0 new instance.
INFO: [Physopt 32-775] End 1 Pass. Optimized 0 net or cell. Created 0 new cell, deleted 0 existing cell and moved 0 existing cell
INFO: [Physopt 32-670] No setup violation found.  DSP Register Optimization was not performed.
INFO: [Physopt 32-670] No setup violation found.  Shift Register to Pipeline Optimization was not performed.
INFO: [Physopt 32-670] No setup violation found.  Shift Register Optimization was not performed.
INFO: [Physopt 32-670] No setup violation found.  BRAM Register Optimization was not performed.
INFO: [Physopt 32-670] No setup violation found.  URAM Register Optimization was not performed.
INFO: [Physopt 32-949] No candidate nets found for dynamic/static region interface net replication
INFO: [Physopt 32-775] End 1 Pass. Optimized 0 net or cell. Created 0 new cell, deleted 0 existing cell and moved 0 existing cell
Netlist sorting complete. Time (s): cpu = 00:00:00 ; elapsed = 00:00:00.001 . Memory (MB): peak = 2072.684 ; gain = 0.000

Summary of Physical Synthesis Optimizations
============================================


-----------------------------------------------------------------------------------------------------------------------------------------------------------
|  Optimization                                     |  Added Cells  |  Removed Cells  |  Optimized Cells/Nets  |  Dont Touch  |  Iterations  |  Elapsed   |
-----------------------------------------------------------------------------------------------------------------------------------------------------------
|  LUT Combining                                    |            0  |              0  |                     0  |           0  |           1  |  00:00:00  |
|  Retime                                           |            0  |              0  |                     0  |           0  |           1  |  00:00:00  |
|  Very High Fanout                                 |            0  |              0  |                     0  |           0  |           1  |  00:00:00  |
|  DSP Register                                     |            0  |              0  |                     0  |           0  |           0  |  00:00:00  |
|  Shift Register to Pipeline                       |            0  |              0  |                     0  |           0  |           0  |  00:00:00  |
|  Shift Register                                   |            0  |              0  |                     0  |           0  |           0  |  00:00:00  |
|  BRAM Register                                    |            0  |              0  |                     0  |           0  |           0  |  00:00:00  |
|  URAM Register                                    |            0  |              0  |                     0  |           0  |           0  |  00:00:00  |
|  Dynamic/Static Region Interface Net Replication  |            0  |              0  |                     0  |           0  |           1  |  00:00:00  |
|  Total                                            |            0  |              0  |                     0  |           0  |           4  |  00:00:00  |
-----------------------------------------------------------------------------------------------------------------------------------------------------------


Phase 2.4.2 Physical Synthesis In Placer | Checksum: 2372d99c8

Time (s): cpu = 00:00:00 ; elapsed = 00:00:00.603 . Memory (MB): peak = 2072.684 ; gain = 0.000
Phase 2.4 Global Placement Core | Checksum: 29e9d388a

Time (s): cpu = 00:00:00 ; elapsed = 00:00:00.630 . Memory (MB): peak = 2072.684 ; gain = 0.000
Phase 2 Global Placement | Checksum: 29e9d388a

Time (s): cpu = 00:00:00 ; elapsed = 00:00:00.634 . Memory (MB): peak = 2072.684 ; gain = 0.000

Phase 3 Detail Placement

Phase 3.1 Commit Multi Column Macros
Phase 3.1 Commit Multi Column Macros | Checksum: 264c55d11

Time (s): cpu = 00:00:00 ; elapsed = 00:00:00.664 . Memory (MB): peak = 2072.684 ; gain = 0.000

Phase 3.2 Commit Most Macros & LUTRAMs
Phase 3.2 Commit Most Macros & LUTRAMs | Checksum: 1eadb4626

Time (s): cpu = 00:00:00 ; elapsed = 00:00:00.671 . Memory (MB): peak = 2072.684 ; gain = 0.000

Phase 3.3 Area Swap Optimization
Phase 3.3 Area Swap Optimization | Checksum: 2d9685d84

Time (s): cpu = 00:00:00 ; elapsed = 00:00:00.675 . Memory (MB): peak = 2072.684 ; gain = 0.000

Phase 3.4 Pipeline Register Optimization
Phase 3.4 Pipeline Register Optimization | Checksum: 2b04881bb

Time (s): cpu = 00:00:00 ; elapsed = 00:00:00.678 . Memory (MB): peak = 2072.684 ; gain = 0.000

Phase 3.5 Small Shape Detail Placement
Phase 3.5 Small Shape Detail Placement | Checksum: 1db649015

Time (s): cpu = 00:00:00 ; elapsed = 00:00:00.739 . Memory (MB): peak = 2072.684 ; gain = 0.000

Phase 3.6 Re-assign LUT pins
Phase 3.6 Re-assign LUT pins | Checksum: 24455dcde

Time (s): cpu = 00:00:00 ; elapsed = 00:00:00.744 . Memory (MB): peak = 2072.684 ; gain = 0.000

Phase 3.7 Pipeline Register Optimization
Phase 3.7 Pipeline Register Optimization | Checksum: 21bb5f095

Time (s): cpu = 00:00:00 ; elapsed = 00:00:00.746 . Memory (MB): peak = 2072.684 ; gain = 0.000
Phase 3 Detail Placement | Checksum: 21bb5f095

Time (s): cpu = 00:00:00 ; elapsed = 00:00:00.748 . Memory (MB): peak = 2072.684 ; gain = 0.000

Phase 4 Post Placement Optimization and Clean-Up

Phase 4.1 Post Commit Optimization
INFO: [Timing 38-35] Done setting XDC timing constraints.

Phase 4.1.1 Post Placement Optimization
Post Placement Optimization Initialization | Checksum: 18b9250c9

Phase 4.1.1.1 BUFG Insertion

Starting Physical Synthesis Task

Phase 1 Physical Synthesis Initialization
INFO: [Physopt 32-721] Multithreading enabled for phys_opt_design using a maximum of 2 CPUs
INFO: [Physopt 32-619] Estimated Timing Summary | WNS=8.870 | TNS=0.000 |
Phase 1 Physical Synthesis Initialization | Checksum: a3990d18

Time (s): cpu = 00:00:00 ; elapsed = 00:00:00.009 . Memory (MB): peak = 2072.684 ; gain = 0.000
INFO: [Place 46-56] BUFG insertion identified 0 candidate nets. Inserted BUFG: 0, Replicated BUFG Driver: 0, Skipped due to Placement/Routing Conflicts: 0, Skipped due to Timing Degradation: 0, Skipped due to netlist editing failed: 0.
Ending Physical Synthesis Task | Checksum: 1cbd7e644

Time (s): cpu = 00:00:00 ; elapsed = 00:00:00.012 . Memory (MB): peak = 2072.684 ; gain = 0.000
Phase 4.1.1.1 BUFG Insertion | Checksum: 18b9250c9

Time (s): cpu = 00:00:00 ; elapsed = 00:00:00.811 . Memory (MB): peak = 2072.684 ; gain = 0.000

Phase 4.1.1.2 Post Placement Timing Optimization
INFO: [Place 30-746] Post Placement Timing Summary WNS=8.870. For the most accurate timing information please run report_timing.
Phase 4.1.1.2 Post Placement Timing Optimization | Checksum: 23fabedd3

Time (s): cpu = 00:00:00 ; elapsed = 00:00:00.815 . Memory (MB): peak = 2072.684 ; gain = 0.000

Time (s): cpu = 00:00:00 ; elapsed = 00:00:00.817 . Memory (MB): peak = 2072.684 ; gain = 0.000
Phase 4.1 Post Commit Optimization | Checksum: 23fabedd3

Time (s): cpu = 00:00:00 ; elapsed = 00:00:00.818 . Memory (MB): peak = 2072.684 ; gain = 0.000

Phase 4.2 Post Placement Cleanup
Phase 4.2 Post Placement Cleanup | Checksum: 23fabedd3

Time (s): cpu = 00:00:00 ; elapsed = 00:00:00.823 . Memory (MB): peak = 2072.684 ; gain = 0.000

Phase 4.3 Placer Reporting

Phase 4.3.1 Print Estimated Congestion
INFO: [Place 30-612] Post-Placement Estimated Congestion 
 ____________________________________________________
|           | Global Congestion | Short Congestion  |
| Direction | Region Size       | Region Size       |
|___________|___________________|___________________|
|      North|                1x1|                1x1|
|___________|___________________|___________________|
|      South|                1x1|                1x1|
|___________|___________________|___________________|
|       East|                1x1|                1x1|
|___________|___________________|___________________|
|       West|                1x1|                1x1|
|___________|___________________|___________________|

Phase 4.3.1 Print Estimated Congestion | Checksum: 23fabedd3

Time (s): cpu = 00:00:00 ; elapsed = 00:00:00.826 . Memory (MB): peak = 2072.684 ; gain = 0.000
Phase 4.3 Placer Reporting | Checksum: 23fabedd3

Time (s): cpu = 00:00:00 ; elapsed = 00:00:00.827 . Memory (MB): peak = 2072.684 ; gain = 0.000

Phase 4.4 Final Placement Cleanup
Netlist sorting complete. Time (s): cpu = 00:00:00 ; elapsed = 00:00:00 . Memory (MB): peak = 2072.684 ; gain = 0.000

Time (s): cpu = 00:00:00 ; elapsed = 00:00:00.831 . Memory (MB): peak = 2072.684 ; gain = 0.000
Phase 4 Post Placement Optimization and Clean-Up | Checksum: 28185b580

Time (s): cpu = 00:00:00 ; elapsed = 00:00:00.834 . Memory (MB): peak = 2072.684 ; gain = 0.000
Ending Placer Task | Checksum: 1c51ede1f

Time (s): cpu = 00:00:00 ; elapsed = 00:00:00.836 . Memory (MB): peak = 2072.684 ; gain = 0.000
60 Infos, 20 Warnings, 20 Critical Warnings and 0 Errors encountered.
place_design completed successfully
INFO: [Vivado 12-24838] Running report commands "report_control_sets, report_io, report_utilization" in parallel.
Running report generation with 2 threads.
INFO: [Vivado 12-24828] Executing command : report_utilization -file system_utilization_placed.rpt -pb system_utilization_placed.pb
INFO: [Vivado 12-24828] Executing command : report_control_sets -verbose -file system_control_sets_placed.rpt
report_control_sets: Time (s): cpu = 00:00:00 ; elapsed = 00:00:00.003 . Memory (MB): peak = 2072.684 ; gain = 0.000
INFO: [Vivado 12-24828] Executing command : report_io -file system_io_placed.rpt
report_io: Time (s): cpu = 00:00:00 ; elapsed = 00:00:00.032 . Memory (MB): peak = 2072.684 ; gain = 0.000
Write ShapeDB Complete: Time (s): cpu = 00:00:00 ; elapsed = 00:00:00.001 . Memory (MB): peak = 2072.684 ; gain = 0.000
INFO: [Timing 38-480] Writing timing data to binary archive.
Wrote PlaceDB: Time (s): cpu = 00:00:00 ; elapsed = 00:00:00.017 . Memory (MB): peak = 2072.684 ; gain = 0.000
Wrote PulsedLatchDB: Time (s): cpu = 00:00:00 ; elapsed = 00:00:00 . Memory (MB): peak = 2072.684 ; gain = 0.000
Writing XDEF routing.
Writing XDEF routing logical nets.
Writing XDEF routing special nets.
Wrote RouteStorage: Time (s): cpu = 00:00:00 ; elapsed = 00:00:00.020 . Memory (MB): peak = 2072.684 ; gain = 0.000
Wrote Netlist Cache: Time (s): cpu = 00:00:00 ; elapsed = 00:00:00 . Memory (MB): peak = 2072.684 ; gain = 0.000
Wrote Device Cache: Time (s): cpu = 00:00:00 ; elapsed = 00:00:00.015 . Memory (MB): peak = 2072.684 ; gain = 0.000
Write Physdb Complete: Time (s): cpu = 00:00:00 ; elapsed = 00:00:00.071 . Memory (MB): peak = 2072.684 ; gain = 0.000
INFO: [Common 17-1381] The checkpoint 'Z:/home/csap/Chula-CP-Courses/CU_HWlab/Lab_0402/Lab_0402.runs/impl_1/system_placed.dcp' has been generated.
Command: phys_opt_design
Attempting to get a license for feature 'Implementation' and/or device 'xc7a35t'
INFO: [Common 17-349] Got license for feature 'Implementation' and/or device 'xc7a35t'

Starting Initial Update Timing Task

Time (s): cpu = 00:00:00 ; elapsed = 00:00:00.015 . Memory (MB): peak = 2072.684 ; gain = 0.000
INFO: [Vivado_Tcl 4-2279] Estimated Timing Summary | WNS= 8.870 | TNS= 0.000 | 
INFO: [Vivado_Tcl 4-383] Design worst setup slack (WNS) is greater than or equal to 0.000 ns. All physical synthesis setup optimizations will be skipped.
INFO: [Vivado_Tcl 4-232] No setup violation found. The netlist was not modified.
INFO: [Common 17-83] Releasing license: Implementation
71 Infos, 20 Warnings, 20 Critical Warnings and 0 Errors encountered.
phys_opt_design completed successfully
Write ShapeDB Complete: Time (s): cpu = 00:00:00 ; elapsed = 00:00:00.003 . Memory (MB): peak = 2084.449 ; gain = 0.000
INFO: [Timing 38-480] Writing timing data to binary archive.
Wrote PlaceDB: Time (s): cpu = 00:00:00 ; elapsed = 00:00:00.016 . Memory (MB): peak = 2084.449 ; gain = 0.000
Wrote PulsedLatchDB: Time (s): cpu = 00:00:00 ; elapsed = 00:00:00 . Memory (MB): peak = 2084.449 ; gain = 0.000
Writing XDEF routing.
Writing XDEF routing logical nets.
Writing XDEF routing special nets.
Wrote RouteStorage: Time (s): cpu = 00:00:00 ; elapsed = 00:00:00.020 . Memory (MB): peak = 2084.449 ; gain = 0.000
Wrote Netlist Cache: Time (s): cpu = 00:00:00 ; elapsed = 00:00:00 . Memory (MB): peak = 2084.449 ; gain = 0.000
Wrote Device Cache: Time (s): cpu = 00:00:00 ; elapsed = 00:00:00.018 . Memory (MB): peak = 2084.449 ; gain = 0.000
Write Physdb Complete: Time (s): cpu = 00:00:00 ; elapsed = 00:00:00.072 . Memory (MB): peak = 2084.449 ; gain = 0.000
INFO: [Common 17-1381] The checkpoint 'Z:/home/csap/Chula-CP-Courses/CU_HWlab/Lab_0402/Lab_0402.runs/impl_1/system_physopt.dcp' has been generated.
Command: route_design
Attempting to get a license for feature 'Implementation' and/or device 'xc7a35t'
INFO: [Common 17-349] Got license for feature 'Implementation' and/or device 'xc7a35t'
Running DRC as a precondition to command route_design
INFO: [DRC 23-27] Running DRC with 2 threads
INFO: [Vivado_Tcl 4-198] DRC finished with 0 Errors
INFO: [Vivado_Tcl 4-199] Please refer to the DRC report (report_drc) for more information.


Starting Routing Task
INFO: [Route 35-254] Multithreading enabled for route_design using a maximum of 8 CPUs

Phase 1 Build RT Design
Checksum: PlaceDB: 900ab72c ConstDB: 0 ShapeSum: 9492ca9c RouteDB: a0815c57
Post Restoration Checksum: NetGraph: 9b234c8b | NumContArr: b997e2a9 | Constraints: c2a8fa9d | Timing: c2a8fa9d
Phase 1 Build RT Design | Checksum: 2da0d246e

Time (s): cpu = 00:00:05 ; elapsed = 00:00:10 . Memory (MB): peak = 2190.984 ; gain = 95.105

Phase 2 Router Initialization

Phase 2.1 Fix Topology Constraints
Phase 2.1 Fix Topology Constraints | Checksum: 2da0d246e

Time (s): cpu = 00:00:05 ; elapsed = 00:00:10 . Memory (MB): peak = 2191.086 ; gain = 95.207

Phase 2.2 Pre Route Cleanup
Phase 2.2 Pre Route Cleanup | Checksum: 2da0d246e

Time (s): cpu = 00:00:05 ; elapsed = 00:00:10 . Memory (MB): peak = 2191.086 ; gain = 95.207
 Number of Nodes with overlaps = 0

Phase 2.3 Update Timing
Phase 2.3 Update Timing | Checksum: 20c971ced

Time (s): cpu = 00:00:05 ; elapsed = 00:00:11 . Memory (MB): peak = 2229.320 ; gain = 133.441
INFO: [Route 35-416] Intermediate Timing Summary | WNS=8.786  | TNS=0.000  | WHS=0.004  | THS=0.000  |


Router Utilization Summary
  Global Vertical Routing Utilization    = 0.00127561 %
  Global Horizontal Routing Utilization  = 0.00247267 %
  Routable Net Status*
  *Does not include unroutable nets such as driverless and loadless.
  Run report_route_status for detailed report.
  Number of Failed Nets               = 45
    (Failed Nets is the sum of unrouted and partially routed nets)
  Number of Unrouted Nets             = 26
  Number of Partially Routed Nets     = 19
  Number of Node Overlaps             = 0

Phase 2 Router Initialization | Checksum: 26f59be18

Time (s): cpu = 00:00:05 ; elapsed = 00:00:11 . Memory (MB): peak = 2236.199 ; gain = 140.320

Phase 3 Global Routing
Phase 3 Global Routing | Checksum: 26f59be18

Time (s): cpu = 00:00:05 ; elapsed = 00:00:11 . Memory (MB): peak = 2236.199 ; gain = 140.320

Phase 4 Initial Routing

Phase 4.1 Initial Net Routing Pass
Phase 4.1 Initial Net Routing Pass | Checksum: 2838f2c8d

Time (s): cpu = 00:00:05 ; elapsed = 00:00:11 . Memory (MB): peak = 2236.199 ; gain = 140.320
Phase 4 Initial Routing | Checksum: 2838f2c8d

Time (s): cpu = 00:00:05 ; elapsed = 00:00:11 . Memory (MB): peak = 2236.199 ; gain = 140.320

Phase 5 Rip-up And Reroute

Phase 5.1 Global Iteration 0
 Number of Nodes with overlaps = 2
 Number of Nodes with overlaps = 0
INFO: [Route 35-416] Intermediate Timing Summary | WNS=8.218  | TNS=0.000  | WHS=N/A    | THS=N/A    |

Phase 5.1 Global Iteration 0 | Checksum: 23e2617c4

Time (s): cpu = 00:00:05 ; elapsed = 00:00:11 . Memory (MB): peak = 2236.199 ; gain = 140.320
Phase 5 Rip-up And Reroute | Checksum: 23e2617c4

Time (s): cpu = 00:00:05 ; elapsed = 00:00:11 . Memory (MB): peak = 2236.199 ; gain = 140.320

Phase 6 Delay and Skew Optimization

Phase 6.1 Delay CleanUp
Phase 6.1 Delay CleanUp | Checksum: 23e2617c4

Time (s): cpu = 00:00:05 ; elapsed = 00:00:11 . Memory (MB): peak = 2236.199 ; gain = 140.320

Phase 6.2 Clock Skew Optimization
Phase 6.2 Clock Skew Optimization | Checksum: 23e2617c4

Time (s): cpu = 00:00:05 ; elapsed = 00:00:11 . Memory (MB): peak = 2236.199 ; gain = 140.320
Phase 6 Delay and Skew Optimization | Checksum: 23e2617c4

Time (s): cpu = 00:00:05 ; elapsed = 00:00:11 . Memory (MB): peak = 2236.199 ; gain = 140.320

Phase 7 Post Hold Fix

Phase 7.1 Hold Fix Iter
INFO: [Route 35-416] Intermediate Timing Summary | WNS=8.311  | TNS=0.000  | WHS=0.465  | THS=0.000  |

Phase 7.1 Hold Fix Iter | Checksum: 294adfffb

Time (s): cpu = 00:00:05 ; elapsed = 00:00:11 . Memory (MB): peak = 2236.199 ; gain = 140.320
Phase 7 Post Hold Fix | Checksum: 294adfffb

Time (s): cpu = 00:00:05 ; elapsed = 00:00:11 . Memory (MB): peak = 2236.199 ; gain = 140.320

Phase 8 Route finalize

Router Utilization Summary
  Global Vertical Routing Utilization    = 0.00996572 %
  Global Horizontal Routing Utilization  = 0.0316242 %
  Routable Net Status*
  *Does not include unroutable nets such as driverless and loadless.
  Run report_route_status for detailed report.
  Number of Failed Nets               = 0
    (Failed Nets is the sum of unrouted and partially routed nets)
  Number of Unrouted Nets             = 0
  Number of Partially Routed Nets     = 0
  Number of Node Overlaps             = 0

Phase 8 Route finalize | Checksum: 294adfffb

Time (s): cpu = 00:00:05 ; elapsed = 00:00:11 . Memory (MB): peak = 2236.199 ; gain = 140.320

Phase 9 Verifying routed nets

 Verification completed successfully
Phase 9 Verifying routed nets | Checksum: 294adfffb

Time (s): cpu = 00:00:05 ; elapsed = 00:00:11 . Memory (MB): peak = 2236.199 ; gain = 140.320

Phase 10 Depositing Routes
Phase 10 Depositing Routes | Checksum: 21170da70

Time (s): cpu = 00:00:05 ; elapsed = 00:00:11 . Memory (MB): peak = 2236.199 ; gain = 140.320

Phase 11 Post Process Routing
Phase 11 Post Process Routing | Checksum: 21170da70

Time (s): cpu = 00:00:05 ; elapsed = 00:00:11 . Memory (MB): peak = 2236.199 ; gain = 140.320

Phase 12 Post Router Timing
INFO: [Route 35-57] Estimated Timing Summary | WNS=8.311  | TNS=0.000  | WHS=0.465  | THS=0.000  |

INFO: [Route 35-327] The final timing numbers are based on the router estimated timing analysis. For a complete and accurate timing signoff, please run report_timing_summary.
Phase 12 Post Router Timing | Checksum: 21170da70

Time (s): cpu = 00:00:05 ; elapsed = 00:00:11 . Memory (MB): peak = 2236.199 ; gain = 140.320
Total Elapsed time in route_design: 10.692 secs

Phase 13 Post-Route Event Processing
Phase 13 Post-Route Event Processing | Checksum: 139555616

Time (s): cpu = 00:00:05 ; elapsed = 00:00:11 . Memory (MB): peak = 2236.199 ; gain = 140.320
INFO: [Route 35-16] Router Completed Successfully
Ending Routing Task | Checksum: 139555616

Time (s): cpu = 00:00:05 ; elapsed = 00:00:11 . Memory (MB): peak = 2236.199 ; gain = 140.320

Routing Is Done.
INFO: [Common 17-83] Releasing license: Implementation
85 Infos, 20 Warnings, 20 Critical Warnings and 0 Errors encountered.
route_design completed successfully
route_design: Time (s): cpu = 00:00:06 ; elapsed = 00:00:11 . Memory (MB): peak = 2236.199 ; gain = 151.750
INFO: [Vivado 12-24828] Executing command : report_drc -file system_drc_routed.rpt -pb system_drc_routed.pb -rpx system_drc_routed.rpx
Command: report_drc -file system_drc_routed.rpt -pb system_drc_routed.pb -rpx system_drc_routed.rpx
INFO: [IP_Flow 19-1839] IP Catalog is up to date.
INFO: [DRC 23-27] Running DRC with 2 threads
INFO: [Vivado_Tcl 2-168] The results of DRC are in file Z:/home/csap/Chula-CP-Courses/CU_HWlab/Lab_0402/Lab_0402.runs/impl_1/system_drc_routed.rpt.
report_drc completed successfully
INFO: [Vivado 12-24828] Executing command : report_methodology -file system_methodology_drc_routed.rpt -pb system_methodology_drc_routed.pb -rpx system_methodology_drc_routed.rpx
Command: report_methodology -file system_methodology_drc_routed.rpt -pb system_methodology_drc_routed.pb -rpx system_methodology_drc_routed.rpx
INFO: [Timing 38-35] Done setting XDC timing constraints.
INFO: [DRC 23-133] Running Methodology with 2 threads
INFO: [Vivado_Tcl 2-1520] The results of Report Methodology are in file Z:/home/csap/Chula-CP-Courses/CU_HWlab/Lab_0402/Lab_0402.runs/impl_1/system_methodology_drc_routed.rpt.
report_methodology completed successfully
INFO: [Vivado 12-24828] Executing command : report_timing_summary -max_paths 10 -report_unconstrained -file system_timing_summary_routed.rpt -pb system_timing_summary_routed.pb -rpx system_timing_summary_routed.rpx -warn_on_violation 
INFO: [Timing 38-35] Done setting XDC timing constraints.
INFO: [Timing 38-91] UpdateTimingParams: Speed grade: -1, Delay Type: min_max.
INFO: [Timing 38-191] Multithreading enabled for timing update using a maximum of 2 CPUs
INFO: [Vivado 12-24838] Running report commands "report_incremental_reuse, report_route_status" in parallel.
Running report generation with 2 threads.
INFO: [Vivado 12-24828] Executing command : report_incremental_reuse -file system_incremental_reuse_routed.rpt
INFO: [Vivado_Tcl 4-1062] Incremental flow is disabled. No incremental reuse Info to report.
INFO: [Vivado 12-24828] Executing command : report_route_status -file system_route_status.rpt -pb system_route_status.pb
INFO: [Vivado 12-24828] Executing command : report_power -file system_power_routed.rpt -pb system_power_summary_routed.pb -rpx system_power_routed.rpx
Command: report_power -file system_power_routed.rpt -pb system_power_summary_routed.pb -rpx system_power_routed.rpx
Running Vector-less Activity Propagation...

Finished Running Vector-less Activity Propagation
102 Infos, 20 Warnings, 20 Critical Warnings and 0 Errors encountered.
report_power completed successfully
INFO: [Vivado 12-24828] Executing command : report_clock_utilization -file system_clock_utilization_routed.rpt
WARNING: [Device 21-9320] Failed to find the Oracle tile group with name 'HSR_BOUNDARY_TOP'. This is required for Clock regions and Virtual grid.
WARNING: [Device 21-2174] Failed to initialize Virtual grid.
INFO: [Vivado 12-24828] Executing command : report_bus_skew -warn_on_violation -file system_bus_skew_routed.rpt -pb system_bus_skew_routed.pb -rpx system_bus_skew_routed.rpx
INFO: [Timing 38-91] UpdateTimingParams: Speed grade: -1, Delay Type: min_max.
INFO: [Timing 38-191] Multithreading enabled for timing update using a maximum of 2 CPUs
Write ShapeDB Complete: Time (s): cpu = 00:00:00 ; elapsed = 00:00:00.003 . Memory (MB): peak = 2249.023 ; gain = 0.000
INFO: [Timing 38-480] Writing timing data to binary archive.
Wrote PlaceDB: Time (s): cpu = 00:00:00 ; elapsed = 00:00:00.018 . Memory (MB): peak = 2249.023 ; gain = 0.000
Wrote PulsedLatchDB: Time (s): cpu = 00:00:00 ; elapsed = 00:00:00 . Memory (MB): peak = 2249.023 ; gain = 0.000
Writing XDEF routing.
Writing XDEF routing logical nets.
Writing XDEF routing special nets.
Wrote RouteStorage: Time (s): cpu = 00:00:00 ; elapsed = 00:00:00.022 . Memory (MB): peak = 2249.023 ; gain = 0.000
Wrote Netlist Cache: Time (s): cpu = 00:00:00 ; elapsed = 00:00:00.001 . Memory (MB): peak = 2249.023 ; gain = 0.000
Wrote Device Cache: Time (s): cpu = 00:00:00 ; elapsed = 00:00:00.018 . Memory (MB): peak = 2249.023 ; gain = 0.000
Write Physdb Complete: Time (s): cpu = 00:00:00 ; elapsed = 00:00:00.076 . Memory (MB): peak = 2249.023 ; gain = 0.000
INFO: [Common 17-1381] The checkpoint 'Z:/home/csap/Chula-CP-Courses/CU_HWlab/Lab_0402/Lab_0402.runs/impl_1/system_routed.dcp' has been generated.
Command: write_bitstream -force system.bit
Attempting to get a license for feature 'Implementation' and/or device 'xc7a35t'
INFO: [Common 17-349] Got license for feature 'Implementation' and/or device 'xc7a35t'
Running DRC as a precondition to command write_bitstream
INFO: [IP_Flow 19-1839] IP Catalog is up to date.
INFO: [DRC 23-27] Running DRC with 2 threads
INFO: [Vivado 12-3199] DRC finished with 0 Errors
INFO: [Vivado 12-3200] Please refer to the DRC report (report_drc) for more information.
INFO: [Designutils 20-2272] Running write_bitstream with 2 threads.
Loading data files...
Loading site data...
Loading route data...
Processing options...
Creating bitmap...
Creating bitstream...
Writing bitstream ./system.bit...
INFO: [Vivado 12-1842] Bitgen Completed Successfully.
INFO: [Project 1-1876] WebTalk data collection is mandatory when using a ULT device. To see the specific WebTalk data collected for your design, open the usage_statistics_webtalk.html or usage_statistics_webtalk.xml file in the implementation directory.
INFO: [Common 17-83] Releasing license: Implementation
117 Infos, 22 Warnings, 20 Critical Warnings and 0 Errors encountered.
write_bitstream completed successfully
write_bitstream: Time (s): cpu = 00:00:01 ; elapsed = 00:00:06 . Memory (MB): peak = 2676.961 ; gain = 427.938
INFO: [Common 17-206] Exiting Vivado at Mon Oct  7 22:27:06 2024...
